2024-02-04 23:01:01,572 +0530 [TestNG-tests-1] INFO  (LoggerHandler.java:30) - Chrome Browser Launched Successed .
2024-02-04 23:01:01,992 +0530 [TestNG-tests-1] INFO  (LoggerHandler.java:30) - Application Open in Chrome Browser Successed .
2024-02-04 23:01:03,888 +0530 [TestNG-tests-1] INFO  (LoggerHandler.java:30) - Landing Page is Home Page
2024-02-04 23:01:05,156 +0530 [TestNG-tests-1] INFO  (LoggerHandler.java:30) - Chrome Browser Launched Successed .
2024-02-04 23:01:05,607 +0530 [TestNG-tests-1] INFO  (LoggerHandler.java:30) - Application Open in Chrome Browser Successed .
2024-02-04 23:01:06,027 +0530 [TestNG-tests-1] INFO  (LoggerHandler.java:30) - Enter Username kpk2714 Successed .
2024-02-04 23:01:06,206 +0530 [TestNG-tests-1] INFO  (LoggerHandler.java:30) - Enter Mobile 8016199829 Successed .
2024-02-04 23:01:06,440 +0530 [TestNG-tests-1] INFO  (LoggerHandler.java:30) - Enter Pincode 722132 Successed .
2024-02-04 23:01:06,501 +0530 [TestNG-tests-1] INFO  (LoggerHandler.java:30) - User Registered and Name is Krishna Pada Kar
2024-02-04 23:01:07,824 +0530 [TestNG-tests-1] INFO  (LoggerHandler.java:30) - Chrome Browser Launched Successed .
2024-02-04 23:01:08,419 +0530 [TestNG-tests-1] INFO  (LoggerHandler.java:30) - Application Open in Chrome Browser Successed .
2024-02-04 23:01:08,774 +0530 [TestNG-tests-1] INFO  (LoggerHandler.java:30) - Click on Register Successed .
2024-02-04 23:01:09,037 +0530 [TestNG-tests-1] INFO  (LoggerHandler.java:30) - Enter Name Krishna Pada Kar Successed .
2024-02-04 23:01:09,262 +0530 [TestNG-tests-1] INFO  (LoggerHandler.java:30) - Enter Email demo.purpose.free@gmail.com Successed .
2024-02-04 23:01:09,355 +0530 [TestNG-tests-1] INFO  (LoggerHandler.java:30) - Click on Send OTP Successed .
2024-02-04 23:01:19,154 +0530 [TestNG-tests-1] INFO  (LoggerHandler.java:30) - Enter Email Verification OTP Successed .
2024-02-04 23:01:19,241 +0530 [TestNG-tests-1] INFO  (LoggerHandler.java:30) - Click on Submit in Email verification Successed .
2024-02-04 23:01:19,339 +0530 [TestNG-tests-1] INFO  (LoggerHandler.java:30) - Email Id Verification Successed .
2024-02-04 23:01:19,522 +0530 [TestNG-tests-1] INFO  (LoggerHandler.java:30) - Enter Mobile 6296395758E9 Successed .
2024-02-04 23:01:19,614 +0530 [TestNG-tests-1] INFO  (LoggerHandler.java:30) - Click on Mobile Send OTP Successed .
2024-02-04 23:01:21,512 +0530 [TestNG-tests-1] INFO  (LoggerHandler.java:30) - Enter Mobile Verification OTP Successed .
2024-02-04 23:01:21,589 +0530 [TestNG-tests-1] INFO  (LoggerHandler.java:30) - Click on Submit in Mobile verification Successed .
2024-02-04 23:01:22,771 +0530 [TestNG-tests-1] ERROR (LoggerHandler.java:42) - Enter Mobile Failed .
2024-02-04 23:01:31,581 +0530 [TestNG-tests-1] INFO  (LoggerHandler.java:30) - Date of Birth choosen successed .
2024-02-04 23:01:31,780 +0530 [TestNG-tests-1] INFO  (LoggerHandler.java:30) - Choose State West Bengal successed .
2024-02-04 23:01:31,948 +0530 [TestNG-tests-1] INFO  (LoggerHandler.java:30) - Choose University Maulana Abul Kalam Azad University of Technology successed .
2024-02-04 23:01:32,092 +0530 [TestNG-tests-1] INFO  (LoggerHandler.java:30) - Choose Institution Govt. College Of Engineering & Textile Technology, Serampore successed .
2024-02-04 23:01:32,224 +0530 [TestNG-tests-1] INFO  (LoggerHandler.java:30) - Choose Department Information Technology successed .
2024-02-04 23:01:32,369 +0530 [TestNG-tests-1] INFO  (LoggerHandler.java:30) - Choose Degree Bachelor of Technology successed .
2024-02-04 23:01:32,486 +0530 [TestNG-tests-1] INFO  (LoggerHandler.java:30) - Choose Year of Study 4th Year successed .
2024-02-04 23:01:32,624 +0530 [TestNG-tests-1] INFO  (LoggerHandler.java:30) - Choose Semester 8th Semester successed .
2024-02-04 23:01:32,794 +0530 [TestNG-tests-1] INFO  (LoggerHandler.java:30) - Enter Registration Number 181100110059 successed .
2024-02-04 23:01:32,953 +0530 [TestNG-tests-1] INFO  (LoggerHandler.java:30) - Enter Roll Number 11000218049 successed .
2024-02-04 23:01:33,080 +0530 [TestNG-tests-1] INFO  (LoggerHandler.java:30) - Choose District Bankura successed .
2024-02-04 23:01:33,242 +0530 [TestNG-tests-1] INFO  (LoggerHandler.java:30) - Enter Police Station Chhatna successed .
2024-02-04 23:01:33,401 +0530 [TestNG-tests-1] INFO  (LoggerHandler.java:30) - Enter Post Office Karrah successed .
2024-02-04 23:01:33,560 +0530 [TestNG-tests-1] INFO  (LoggerHandler.java:30) - Enter Pin Code 722132 successed .
2024-02-04 23:01:33,753 +0530 [TestNG-tests-1] INFO  (LoggerHandler.java:30) - Enter Address C/O - Uttam Kar , Tamboli Para , Karrah successed .
2024-02-04 23:01:33,918 +0530 [TestNG-tests-1] INFO  (LoggerHandler.java:30) - Enter User Name demo2714 successed .
2024-02-04 23:01:34,089 +0530 [TestNG-tests-1] INFO  (LoggerHandler.java:30) - Enter Password Demo@1234567 successed .
2024-02-04 23:01:34,248 +0530 [TestNG-tests-1] INFO  (LoggerHandler.java:30) - Enter Re-Password Demo@1234567 successed .
2024-02-04 23:01:34,342 +0530 [TestNG-tests-1] INFO  (LoggerHandler.java:30) - Click Terms and Condition successed .
2024-02-04 23:01:40,534 +0530 [TestNG-tests-1] INFO  (LoggerHandler.java:30) - Click on Submit successed .
2024-02-04 23:01:49,797 +0530 [TestNG-tests-1] INFO  (LoggerHandler.java:30) - Registration Successfully Completed .
2024-02-04 23:01:51,468 +0530 [TestNG-tests-1] INFO  (LoggerHandler.java:30) - Chrome Browser Launched Successed .
2024-02-04 23:01:54,524 +0530 [TestNG-tests-1] INFO  (LoggerHandler.java:30) - Application Open in Chrome Browser Successed .
2024-02-04 23:01:54,784 +0530 [TestNG-tests-1] INFO  (LoggerHandler.java:30) - Click on Login Successed .
2024-02-04 23:01:54,970 +0530 [TestNG-tests-1] INFO  (LoggerHandler.java:30) - Enter Username Successed .
2024-02-04 23:01:55,131 +0530 [TestNG-tests-1] INFO  (LoggerHandler.java:30) - Enter Password Successed .
2024-02-04 23:01:55,209 +0530 [TestNG-tests-1] INFO  (LoggerHandler.java:30) - Click on Submit Successed .
2024-02-04 23:01:55,316 +0530 [TestNG-tests-1] INFO  (LoggerHandler.java:30) - Login Successed and This is Dashboard Page
2024-02-04 23:01:56,648 +0530 [TestNG-tests-1] INFO  (LoggerHandler.java:30) - Chrome Browser Launched Successed .
2024-02-04 23:01:57,039 +0530 [TestNG-tests-1] INFO  (LoggerHandler.java:30) - Application Open in Chrome Browser Successed .
2024-02-04 23:01:57,304 +0530 [TestNG-tests-1] INFO  (LoggerHandler.java:30) - Click on Login Successed .
2024-02-04 23:01:57,410 +0530 [TestNG-tests-1] INFO  (LoggerHandler.java:30) - Click on Forgot Password Successed .
2024-02-04 23:01:57,598 +0530 [TestNG-tests-1] INFO  (LoggerHandler.java:30) - Enter Email Id Successed .
2024-02-04 23:01:57,682 +0530 [TestNG-tests-1] INFO  (LoggerHandler.java:30) - Click on Send OTP Successed .
2024-02-04 23:02:07,450 +0530 [TestNG-tests-1] INFO  (LoggerHandler.java:30) - Enter Email Verification OTP Successed .
2024-02-04 23:02:07,563 +0530 [TestNG-tests-1] INFO  (LoggerHandler.java:30) - Click on Submit Successed .
2024-02-04 23:02:11,979 +0530 [TestNG-tests-1] INFO  (LoggerHandler.java:30) - Enter New Password Successed.
2024-02-04 23:02:12,136 +0530 [TestNG-tests-1] INFO  (LoggerHandler.java:30) - Enter Confirm Password Successed.
2024-02-04 23:02:12,224 +0530 [TestNG-tests-1] INFO  (LoggerHandler.java:30) - Click on Submit Successed.
2024-02-04 23:02:12,255 +0530 [TestNG-tests-1] ERROR (LoggerHandler.java:42) - Change Password Failed
2024-02-04 23:02:13,693 +0530 [TestNG-tests-1] INFO  (LoggerHandler.java:30) - Chrome Browser Launched Successed .
2024-02-04 23:02:16,663 +0530 [TestNG-tests-1] INFO  (LoggerHandler.java:30) - Application Open in Chrome Browser Successed .
2024-02-04 23:02:16,968 +0530 [TestNG-tests-1] INFO  (LoggerHandler.java:30) - Click on Contact Successed .
2024-02-04 23:02:17,145 +0530 [TestNG-tests-1] INFO  (LoggerHandler.java:30) - Enter Name Successed .
2024-02-04 23:02:17,329 +0530 [TestNG-tests-1] INFO  (LoggerHandler.java:30) - Enter Email Successed .
2024-02-04 23:02:17,592 +0530 [TestNG-tests-1] INFO  (LoggerHandler.java:30) - Enter Content Successed .
2024-02-04 23:02:17,693 +0530 [TestNG-tests-1] INFO  (LoggerHandler.java:30) - Click on Send Message Successed .
2024-02-04 23:02:18,609 +0530 [TestNG-tests-1] INFO  (LoggerHandler.java:30) - Email Sent Successfully
2024-02-04 23:02:21,356 +0530 [TestNG-tests-1] ERROR (LoggerHandler.java:42) - Reply Not Received.
